<?xml version="1.0" encoding="UTF-8"?>
<!-- Generated by org.testng.reporters.JUnitReportReporter -->
<testsuite hostname="G181DTRV" name="finalscript.Rockwell" tests="1" failures="0" timestamp="17 Jun 2019 10:59:07 GMT" time="264.184" errors="0">
  <testcase name="productContent" time="264.184" classname="finalscript.Rockwell"/>
</testsuite> <!-- finalscript.Rockwell -->
