<?xml version="1.0" encoding="UTF-8"?>
<!-- Generated by org.testng.reporters.JUnitReportReporter -->
<testsuite hostname="TYSS-MF-034" name="finalscript.Sample12" tests="1" failures="0" timestamp="18 Sep 2017 10:50:34 GMT" time="48.287" errors="0">
  <testcase name="verify" time="48.287" classname="finalscript.Sample12"/>
</testsuite> <!-- finalscript.Sample12 -->
