<?xml version="1.0" encoding="UTF-8"?>
<!-- Generated by org.testng.reporters.JUnitReportReporter -->
<testsuite hostname="TYSS-MF-034" name="finalscript.Sampletest" tests="1" failures="0" timestamp="18 Sep 2017 12:01:51 GMT" time="1312.254" errors="0">
  <testcase name="verify" time="1312.254" classname="finalscript.Sampletest"/>
</testsuite> <!-- finalscript.Sampletest -->
